/home/ai31/ros2_ws/src/files/install/week1/lib/python3.10/site-packages/week1/__init__.py
/home/ai31/ros2_ws/src/files/install/week1/lib/python3.10/site-packages/week1/puzzlebot.py
/home/ai31/ros2_ws/src/files/install/week1/lib/python3.10/site-packages/week1/__pycache__/__init__.cpython-310.pyc
/home/ai31/ros2_ws/src/files/install/week1/lib/python3.10/site-packages/week1/__pycache__/puzzlebot.cpython-310.pyc
/home/ai31/ros2_ws/src/files/install/week1/share/ament_index/resource_index/packages/week1
/home/ai31/ros2_ws/src/files/install/week1/share/week1/package.xml
/home/ai31/ros2_ws/src/files/install/week1/share/week1/launch/urtf_launch.py
/home/ai31/ros2_ws/src/files/install/week1/share/week1/launch/week1_launch.py
/home/ai31/ros2_ws/src/files/install/week1/share/week1/config
/home/ai31/ros2_ws/src/files/install/week1/share/week1/rviz
/home/ai31/ros2_ws/src/files/install/week1/share/week1/meshes/MCR2_caster_wheel.stl
/home/ai31/ros2_ws/src/files/install/week1/share/week1/meshes/MCR2_puzzlebot_jetson_lidar_base.stl
/home/ai31/ros2_ws/src/files/install/week1/share/week1/meshes/MCR2_puzzlebot_jetson_base.stl
/home/ai31/ros2_ws/src/files/install/week1/share/week1/meshes/MCR2_puzzlebot_base.stl
/home/ai31/ros2_ws/src/files/install/week1/share/week1/meshes/MCR2_wheel.stl
/home/ai31/ros2_ws/src/files/install/week1/share/week1/urdf/puzzle.urdf
/home/ai31/ros2_ws/src/files/install/week1/lib/python3.10/site-packages/week1-0.0.0-py3.10.egg-info/zip-safe
/home/ai31/ros2_ws/src/files/install/week1/lib/python3.10/site-packages/week1-0.0.0-py3.10.egg-info/SOURCES.txt
/home/ai31/ros2_ws/src/files/install/week1/lib/python3.10/site-packages/week1-0.0.0-py3.10.egg-info/requires.txt
/home/ai31/ros2_ws/src/files/install/week1/lib/python3.10/site-packages/week1-0.0.0-py3.10.egg-info/top_level.txt
/home/ai31/ros2_ws/src/files/install/week1/lib/python3.10/site-packages/week1-0.0.0-py3.10.egg-info/PKG-INFO
/home/ai31/ros2_ws/src/files/install/week1/lib/python3.10/site-packages/week1-0.0.0-py3.10.egg-info/dependency_links.txt
/home/ai31/ros2_ws/src/files/install/week1/lib/python3.10/site-packages/week1-0.0.0-py3.10.egg-info/entry_points.txt
/home/ai31/ros2_ws/src/files/install/week1/lib/week1/puzzlebot
